  CCamera.cpp
C:\Users\hiram\OneDrive\デスクトップ\ゲーム制作２\Git\Game2\Game2\制作 平本\GameProgramming\CTriangle.h(1,1): warning C4067: プリプロセッサ ディレクティブの後に余分な文字がありました - 改行が必要です
  CEnemy2.cpp
C:\Users\hiram\OneDrive\デスクトップ\ゲーム制作２\Git\Game2\Game2\制作 平本\GameProgramming\CTriangle.h(1,1): warning C4067: プリプロセッサ ディレクティブの後に余分な文字がありました - 改行が必要です
C:\Users\hiram\OneDrive\デスクトップ\ゲーム制作２\Git\Game2\Game2\制作 平本\GameProgramming\CSound.h(66,4): warning C4996: 'strcpy': This function or variable may be unsafe. Consider using strcpy_s instead. To disable deprecation, use _CRT_SECURE_NO_WARNINGS. See online help for details.
C:\Users\hiram\OneDrive\デスクトップ\ゲーム制作２\Git\Game2\Game2\制作 平本\GameProgramming\CSound.h(101,50): warning C4101: 'cnt': ローカル変数は 1 度も使われていません。
C:\Users\hiram\OneDrive\デスクトップ\ゲーム制作２\Git\Game2\Game2\制作 平本\GameProgramming\CSound.h(100,24): warning C4101: 'state': ローカル変数は 1 度も使われていません。
C:\Users\hiram\OneDrive\デスクトップ\ゲーム制作２\Git\Game2\Game2\制作 平本\GameProgramming\CSound.h(101,87): warning C4101: 'dw': ローカル変数は 1 度も使われていません。
  CItem.cpp
C:\Users\hiram\OneDrive\デスクトップ\ゲーム制作２\Git\Game2\Game2\制作 平本\GameProgramming\CTriangle.h(1,1): warning C4067: プリプロセッサ ディレクティブの後に余分な文字がありました - 改行が必要です
  CParent.cpp
C:\Users\hiram\OneDrive\デスクトップ\ゲーム制作２\Git\Game2\Game2\制作 平本\GameProgramming\CTriangle.h(1,1): warning C4067: プリプロセッサ ディレクティブの後に余分な文字がありました - 改行が必要です
  CPlayer.cpp
C:\Users\hiram\OneDrive\デスクトップ\ゲーム制作２\Git\Game2\Game2\制作 平本\GameProgramming\CTriangle.h(1,1): warning C4067: プリプロセッサ ディレクティブの後に余分な文字がありました - 改行が必要です
C:\Users\hiram\OneDrive\デスクトップ\ゲーム制作２\Git\Game2\Game2\制作 平本\GameProgramming\CSound.h(66,4): warning C4996: 'strcpy': This function or variable may be unsafe. Consider using strcpy_s instead. To disable deprecation, use _CRT_SECURE_NO_WARNINGS. See online help for details.
C:\Users\hiram\OneDrive\デスクトップ\ゲーム制作２\Git\Game2\Game2\制作 平本\GameProgramming\CSound.h(101,50): warning C4101: 'cnt': ローカル変数は 1 度も使われていません。
C:\Users\hiram\OneDrive\デスクトップ\ゲーム制作２\Git\Game2\Game2\制作 平本\GameProgramming\CSound.h(100,24): warning C4101: 'state': ローカル変数は 1 度も使われていません。
C:\Users\hiram\OneDrive\デスクトップ\ゲーム制作２\Git\Game2\Game2\制作 平本\GameProgramming\CSound.h(101,87): warning C4101: 'dw': ローカル変数は 1 度も使われていません。
C:\Users\hiram\OneDrive\デスクトップ\ゲーム制作２\Git\Game2\Game2\制作 平本\GameProgramming\CPlayer.cpp(401,2): warning C4996: 'sprintf': This function or variable may be unsafe. Consider using sprintf_s instead. To disable deprecation, use _CRT_SECURE_NO_WARNINGS. See online help for details.
C:\Users\hiram\OneDrive\デスクトップ\ゲーム制作２\Git\Game2\Game2\制作 平本\GameProgramming\CPlayer.cpp(405,2): warning C4996: 'sprintf': This function or variable may be unsafe. Consider using sprintf_s instead. To disable deprecation, use _CRT_SECURE_NO_WARNINGS. See online help for details.
C:\Users\hiram\OneDrive\デスクトップ\ゲーム制作２\Git\Game2\Game2\制作 平本\GameProgramming\CPlayer.cpp(409,2): warning C4996: 'sprintf': This function or variable may be unsafe. Consider using sprintf_s instead. To disable deprecation, use _CRT_SECURE_NO_WARNINGS. See online help for details.
C:\Users\hiram\OneDrive\デスクトップ\ゲーム制作２\Git\Game2\Game2\制作 平本\GameProgramming\CPlayer.cpp(414,2): warning C4996: 'sprintf': This function or variable may be unsafe. Consider using sprintf_s instead. To disable deprecation, use _CRT_SECURE_NO_WARNINGS. See online help for details.
C:\Users\hiram\OneDrive\デスクトップ\ゲーム制作２\Git\Game2\Game2\制作 平本\GameProgramming\CPlayer.cpp(418,2): warning C4996: 'sprintf': This function or variable may be unsafe. Consider using sprintf_s instead. To disable deprecation, use _CRT_SECURE_NO_WARNINGS. See online help for details.
C:\Users\hiram\OneDrive\デスクトップ\ゲーム制作２\Git\Game2\Game2\制作 平本\GameProgramming\CPlayer.cpp(421,2): warning C4996: 'sprintf': This function or variable may be unsafe. Consider using sprintf_s instead. To disable deprecation, use _CRT_SECURE_NO_WARNINGS. See online help for details.
C:\Users\hiram\OneDrive\デスクトップ\ゲーム制作２\Git\Game2\Game2\制作 平本\GameProgramming\CPlayer.cpp(424,2): warning C4996: 'sprintf': This function or variable may be unsafe. Consider using sprintf_s instead. To disable deprecation, use _CRT_SECURE_NO_WARNINGS. See online help for details.
C:\Users\hiram\OneDrive\デスクトップ\ゲーム制作２\Git\Game2\Game2\制作 平本\GameProgramming\CPlayer.cpp(429,2): warning C4996: 'sprintf': This function or variable may be unsafe. Consider using sprintf_s instead. To disable deprecation, use _CRT_SECURE_NO_WARNINGS. See online help for details.
C:\Users\hiram\OneDrive\デスクトップ\ゲーム制作２\Git\Game2\Game2\制作 平本\GameProgramming\CPlayer.cpp(434,2): warning C4996: 'sprintf': This function or variable may be unsafe. Consider using sprintf_s instead. To disable deprecation, use _CRT_SECURE_NO_WARNINGS. See online help for details.
C:\Users\hiram\OneDrive\デスクトップ\ゲーム制作２\Git\Game2\Game2\制作 平本\GameProgramming\CPlayer.cpp(439,2): warning C4996: 'sprintf': This function or variable may be unsafe. Consider using sprintf_s instead. To disable deprecation, use _CRT_SECURE_NO_WARNINGS. See online help for details.
C:\Users\hiram\OneDrive\デスクトップ\ゲーム制作２\Git\Game2\Game2\制作 平本\GameProgramming\CPlayer.cpp(442,2): warning C4996: 'sprintf': This function or variable may be unsafe. Consider using sprintf_s instead. To disable deprecation, use _CRT_SECURE_NO_WARNINGS. See online help for details.
C:\Users\hiram\OneDrive\デスクトップ\ゲーム制作２\Git\Game2\Game2\制作 平本\GameProgramming\CPlayer.cpp(445,2): warning C4996: 'sprintf': This function or variable may be unsafe. Consider using sprintf_s instead. To disable deprecation, use _CRT_SECURE_NO_WARNINGS. See online help for details.
C:\Users\hiram\OneDrive\デスクトップ\ゲーム制作２\Git\Game2\Game2\制作 平本\GameProgramming\CPlayer.cpp(448,2): warning C4996: 'sprintf': This function or variable may be unsafe. Consider using sprintf_s instead. To disable deprecation, use _CRT_SECURE_NO_WARNINGS. See online help for details.
C:\Users\hiram\OneDrive\デスクトップ\ゲーム制作２\Git\Game2\Game2\制作 平本\GameProgramming\CPlayer.cpp(451,2): warning C4996: 'sprintf': This function or variable may be unsafe. Consider using sprintf_s instead. To disable deprecation, use _CRT_SECURE_NO_WARNINGS. See online help for details.
C:\Users\hiram\OneDrive\デスクトップ\ゲーム制作２\Git\Game2\Game2\制作 平本\GameProgramming\CPlayer.cpp(454,2): warning C4996: 'sprintf': This function or variable may be unsafe. Consider using sprintf_s instead. To disable deprecation, use _CRT_SECURE_NO_WARNINGS. See online help for details.
C:\Users\hiram\OneDrive\デスクトップ\ゲーム制作２\Git\Game2\Game2\制作 平本\GameProgramming\CPlayer.cpp(458,3): warning C4996: 'sprintf': This function or variable may be unsafe. Consider using sprintf_s instead. To disable deprecation, use _CRT_SECURE_NO_WARNINGS. See online help for details.
C:\Users\hiram\OneDrive\デスクトップ\ゲーム制作２\Git\Game2\Game2\制作 平本\GameProgramming\CPlayer.cpp(463,3): warning C4996: 'sprintf': This function or variable may be unsafe. Consider using sprintf_s instead. To disable deprecation, use _CRT_SECURE_NO_WARNINGS. See online help for details.
  CSceneGame.cpp
C:\Users\hiram\OneDrive\デスクトップ\ゲーム制作２\Git\Game2\Game2\制作 平本\GameProgramming\CTriangle.h(1,1): warning C4067: プリプロセッサ ディレクティブの後に余分な文字がありました - 改行が必要です
C:\Users\hiram\OneDrive\デスクトップ\ゲーム制作２\Git\Game2\Game2\制作 平本\GameProgramming\CSound.h(66,4): warning C4996: 'strcpy': This function or variable may be unsafe. Consider using strcpy_s instead. To disable deprecation, use _CRT_SECURE_NO_WARNINGS. See online help for details.
C:\Users\hiram\OneDrive\デスクトップ\ゲーム制作２\Git\Game2\Game2\制作 平本\GameProgramming\CSound.h(101,50): warning C4101: 'cnt': ローカル変数は 1 度も使われていません。
C:\Users\hiram\OneDrive\デスクトップ\ゲーム制作２\Git\Game2\Game2\制作 平本\GameProgramming\CSound.h(100,24): warning C4101: 'state': ローカル変数は 1 度も使われていません。
C:\Users\hiram\OneDrive\デスクトップ\ゲーム制作２\Git\Game2\Game2\制作 平本\GameProgramming\CSound.h(101,87): warning C4101: 'dw': ローカル変数は 1 度も使われていません。
  CSceneManager.cpp
C:\Users\hiram\OneDrive\デスクトップ\ゲーム制作２\Git\Game2\Game2\制作 平本\GameProgramming\CTriangle.h(1,1): warning C4067: プリプロセッサ ディレクティブの後に余分な文字がありました - 改行が必要です
C:\Users\hiram\OneDrive\デスクトップ\ゲーム制作２\Git\Game2\Game2\制作 平本\GameProgramming\CSound.h(66,4): warning C4996: 'strcpy': This function or variable may be unsafe. Consider using strcpy_s instead. To disable deprecation, use _CRT_SECURE_NO_WARNINGS. See online help for details.
C:\Users\hiram\OneDrive\デスクトップ\ゲーム制作２\Git\Game2\Game2\制作 平本\GameProgramming\CSound.h(101,50): warning C4101: 'cnt': ローカル変数は 1 度も使われていません。
C:\Users\hiram\OneDrive\デスクトップ\ゲーム制作２\Git\Game2\Game2\制作 平本\GameProgramming\CSound.h(100,24): warning C4101: 'state': ローカル変数は 1 度も使われていません。
C:\Users\hiram\OneDrive\デスクトップ\ゲーム制作２\Git\Game2\Game2\制作 平本\GameProgramming\CSound.h(101,87): warning C4101: 'dw': ローカル変数は 1 度も使われていません。
Release\CCharacter.obj : warning LNK4042: オブジェクトの指定が重複しています。余分なものは無視されます。
  コード生成しています。
  Previous IPDB and IOBJ mismatch, fall back to full compilation.
  All 363 functions were compiled because no usable IPDB/IOBJ from previous compilation was found.
  コード生成が終了しました。
  GameProgramming.vcxproj -> C:\Users\hiram\OneDrive\デスクトップ\ゲーム制作２\Git\Game2\Game2\制作 平本\Release\GameProgramming.exe
