c:\users\hiram\onedrive\デスクトップ\ゲーム制作\2dlv1_99_game - コピー\gameprogramming\debug\vc142.pdb
c:\users\hiram\onedrive\デスクトップ\ゲーム制作\2dlv1_99_game - コピー\gameprogramming\debug\vc142.idb
c:\users\hiram\onedrive\デスクトップ\ゲーム制作\2dlv1_99_game - コピー\gameprogramming\debug\main.obj
c:\users\hiram\onedrive\デスクトップ\ゲーム制作\2dlv1_99_game - コピー\gameprogramming\debug\update.obj
c:\users\hiram\onedrive\デスクトップ\ゲーム制作\2dlv1_99_game - コピー\gameprogramming\debug\ctext.obj
c:\users\hiram\onedrive\デスクトップ\ゲーム制作\2dlv1_99_game - コピー\gameprogramming\debug\cscenetitle.obj
c:\users\hiram\onedrive\デスクトップ\ゲーム制作\2dlv1_99_game - コピー\gameprogramming\debug\cscenemanager.obj
c:\users\hiram\onedrive\デスクトップ\ゲーム制作\2dlv1_99_game - コピー\gameprogramming\debug\cscenegame.obj
c:\users\hiram\onedrive\デスクトップ\ゲーム制作\2dlv1_99_game - コピー\gameprogramming\debug\crectangle.obj
c:\users\hiram\onedrive\デスクトップ\ゲーム制作\2dlv1_99_game - コピー\gameprogramming\debug\cplayer.obj
c:\users\hiram\onedrive\デスクトップ\ゲーム制作\2dlv1_99_game - コピー\gameprogramming\debug\ckey.obj
c:\users\hiram\onedrive\デスクトップ\ゲーム制作\2dlv1_99_game - コピー\gameprogramming\debug\cenemy.obj
c:\users\hiram\onedrive\デスクトップ\ゲーム制作\2dlv1_99_game - コピー\gameprogramming\debug\cbullet.obj
c:\users\hiram\onedrive\デスクトップ\ゲーム制作\2dlv1_99_game - コピー\gameprogramming\debug\cheart.obj
c:\users\hiram\onedrive\デスクトップ\ゲーム制作\2dlv1_99_game - コピー\gameprogramming\debug\ctreasure.obj
c:\users\hiram\onedrive\デスクトップ\ゲーム制作\2dlv1_99_game - コピー\gameprogramming\debug\cscenegame2.obj
c:\users\hiram\onedrive\デスクトップ\ゲーム制作\2dlv1_99_game - コピー\gameprogramming\debug\csceneclear.obj
c:\users\hiram\onedrive\デスクトップ\ゲーム制作\2dlv1_99_game - コピー\gameprogramming\debug\cboss.obj
c:\users\hiram\onedrive\デスクトップ\ゲーム制作\2dlv1_99_game - コピー\gameprogramming\debug\cdoor.obj
c:\users\hiram\onedrive\デスクトップ\ゲーム制作\2dlv1_99_game - コピー\gameprogramming\debug\cenemy2.obj
c:\users\hiram\onedrive\デスクトップ\ゲーム制作\2dlv1_99_game - コピー\gameprogramming\debug\ctexture.obj
c:\users\hiram\onedrive\デスクトップ\ゲーム制作\2dlv1_99_game - コピー\gameprogramming\debug\citem.obj
c:\users\hiram\onedrive\デスクトップ\ゲーム制作\2dlv1_99_game - コピー\gameprogramming\debug\cdoor2.obj
c:\users\hiram\onedrive\デスクトップ\ゲーム制作\2dlv1_99_game - コピー\gameprogramming\debug\cenemybullet.obj
c:\users\hiram\onedrive\デスクトップ\ゲーム制作\2dlv1_99_game - コピー\gameprogramming\debug\cenemy3.obj
c:\users\hiram\onedrive\デスクトップ\ゲーム制作\2dlv1_99_game - コピー\gameprogramming\debug\cenemybullet2.obj
c:\users\hiram\onedrive\デスクトップ\ゲーム制作\2dlv1_99_game - コピー\gameprogramming\debug\cdeathblock.obj
c:\users\hiram\onedrive\デスクトップ\ゲーム制作\2dlv1_99_game - コピー\gameprogramming\debug\cboss2.obj
c:\users\hiram\onedrive\デスクトップ\ゲーム制作\2dlv1_99_game - コピー\gameprogramming\debug\cdisappear.obj
c:\users\hiram\onedrive\デスクトップ\ゲーム制作\2dlv1_99_game - コピー\gameprogramming\debug\cdisappear2.obj
c:\users\hiram\onedrive\デスクトップ\ゲーム制作\2dlv1_99_game - コピー\debug\gameprogramming.exe
c:\users\hiram\onedrive\デスクトップ\ゲーム制作\2dlv1_99_game - コピー\debug\gameprogramming.ilk
c:\users\hiram\onedrive\デスクトップ\ゲーム制作\2dlv1_99_game - コピー\debug\gameprogramming.pdb
c:\users\hiram\onedrive\デスクトップ\ゲーム制作\2dlv1_99_game - コピー\gameprogramming\debug\vc120.idb
c:\users\hiram\onedrive\デスクトップ\ゲーム制作\2dlv1_99_game - コピー\gameprogramming\debug\vc120.pdb
c:\users\hiram\onedrive\デスクトップ\ゲーム制作\2dlv1_99_game - コピー\gameprogramming\debug\gameprogramming.tlog\cl.command.1.tlog
c:\users\hiram\onedrive\デスクトップ\ゲーム制作\2dlv1_99_game - コピー\gameprogramming\debug\gameprogramming.tlog\cl.read.1.tlog
c:\users\hiram\onedrive\デスクトップ\ゲーム制作\2dlv1_99_game - コピー\gameprogramming\debug\gameprogramming.tlog\cl.write.1.tlog
c:\users\hiram\onedrive\デスクトップ\ゲーム制作\2dlv1_99_game - コピー\gameprogramming\debug\gameprogramming.tlog\link-cvtres.read.1.tlog
c:\users\hiram\onedrive\デスクトップ\ゲーム制作\2dlv1_99_game - コピー\gameprogramming\debug\gameprogramming.tlog\link-cvtres.write.1.tlog
c:\users\hiram\onedrive\デスクトップ\ゲーム制作\2dlv1_99_game - コピー\gameprogramming\debug\gameprogramming.tlog\link-rc.read.1.tlog
c:\users\hiram\onedrive\デスクトップ\ゲーム制作\2dlv1_99_game - コピー\gameprogramming\debug\gameprogramming.tlog\link-rc.write.1.tlog
c:\users\hiram\onedrive\デスクトップ\ゲーム制作\2dlv1_99_game - コピー\gameprogramming\debug\gameprogramming.tlog\link.6768-cvtres.read.1.tlog
c:\users\hiram\onedrive\デスクトップ\ゲーム制作\2dlv1_99_game - コピー\gameprogramming\debug\gameprogramming.tlog\link.6768-cvtres.write.1.tlog
c:\users\hiram\onedrive\デスクトップ\ゲーム制作\2dlv1_99_game - コピー\gameprogramming\debug\gameprogramming.tlog\link.6768-rc.read.1.tlog
c:\users\hiram\onedrive\デスクトップ\ゲーム制作\2dlv1_99_game - コピー\gameprogramming\debug\gameprogramming.tlog\link.6768-rc.write.1.tlog
c:\users\hiram\onedrive\デスクトップ\ゲーム制作\2dlv1_99_game - コピー\gameprogramming\debug\gameprogramming.tlog\link.6768.read.1.tlog
c:\users\hiram\onedrive\デスクトップ\ゲーム制作\2dlv1_99_game - コピー\gameprogramming\debug\gameprogramming.tlog\link.6768.write.1.tlog
c:\users\hiram\onedrive\デスクトップ\ゲーム制作\2dlv1_99_game - コピー\gameprogramming\debug\gameprogramming.tlog\link.command.1.tlog
c:\users\hiram\onedrive\デスクトップ\ゲーム制作\2dlv1_99_game - コピー\gameprogramming\debug\gameprogramming.tlog\link.delete.1.tlog
c:\users\hiram\onedrive\デスクトップ\ゲーム制作\2dlv1_99_game - コピー\gameprogramming\debug\gameprogramming.tlog\link.read.1.tlog
c:\users\hiram\onedrive\デスクトップ\ゲーム制作\2dlv1_99_game - コピー\gameprogramming\debug\gameprogramming.tlog\link.write.1.tlog
