  CBoss.cpp
C:\Users\hiram\OneDrive\デスクトップ\Git\Game2\2DLv1_99_Game - 平本光 - コピー\GameProgramming\CSound.h(71,4): warning C4996: 'strcpy': This function or variable may be unsafe. Consider using strcpy_s instead. To disable deprecation, use _CRT_SECURE_NO_WARNINGS. See online help for details.
C:\Users\hiram\OneDrive\デスクトップ\Git\Game2\2DLv1_99_Game - 平本光 - コピー\GameProgramming\CSound.h(106,50): warning C4101: 'cnt': ローカル変数は 1 度も使われていません。
C:\Users\hiram\OneDrive\デスクトップ\Git\Game2\2DLv1_99_Game - 平本光 - コピー\GameProgramming\CSound.h(105,24): warning C4101: 'state': ローカル変数は 1 度も使われていません。
C:\Users\hiram\OneDrive\デスクトップ\Git\Game2\2DLv1_99_Game - 平本光 - コピー\GameProgramming\CSound.h(106,87): warning C4101: 'dw': ローカル変数は 1 度も使われていません。
  CDoor.cpp
C:\Users\hiram\OneDrive\デスクトップ\Git\Game2\2DLv1_99_Game - 平本光 - コピー\GameProgramming\CSound.h(71,4): warning C4996: 'strcpy': This function or variable may be unsafe. Consider using strcpy_s instead. To disable deprecation, use _CRT_SECURE_NO_WARNINGS. See online help for details.
C:\Users\hiram\OneDrive\デスクトップ\Git\Game2\2DLv1_99_Game - 平本光 - コピー\GameProgramming\CSound.h(106,50): warning C4101: 'cnt': ローカル変数は 1 度も使われていません。
C:\Users\hiram\OneDrive\デスクトップ\Git\Game2\2DLv1_99_Game - 平本光 - コピー\GameProgramming\CSound.h(105,24): warning C4101: 'state': ローカル変数は 1 度も使われていません。
C:\Users\hiram\OneDrive\デスクトップ\Git\Game2\2DLv1_99_Game - 平本光 - コピー\GameProgramming\CSound.h(106,87): warning C4101: 'dw': ローカル変数は 1 度も使われていません。
  CSCENEGame2.cpp
C:\Users\hiram\OneDrive\デスクトップ\Git\Game2\2DLv1_99_Game - 平本光 - コピー\GameProgramming\CSound.h(71,4): warning C4996: 'strcpy': This function or variable may be unsafe. Consider using strcpy_s instead. To disable deprecation, use _CRT_SECURE_NO_WARNINGS. See online help for details.
C:\Users\hiram\OneDrive\デスクトップ\Git\Game2\2DLv1_99_Game - 平本光 - コピー\GameProgramming\CSound.h(106,50): warning C4101: 'cnt': ローカル変数は 1 度も使われていません。
C:\Users\hiram\OneDrive\デスクトップ\Git\Game2\2DLv1_99_Game - 平本光 - コピー\GameProgramming\CSound.h(105,24): warning C4101: 'state': ローカル変数は 1 度も使われていません。
C:\Users\hiram\OneDrive\デスクトップ\Git\Game2\2DLv1_99_Game - 平本光 - コピー\GameProgramming\CSound.h(106,87): warning C4101: 'dw': ローカル変数は 1 度も使われていません。
C:\Users\hiram\OneDrive\デスクトップ\Git\Game2\2DLv1_99_Game - 平本光 - コピー\GameProgramming\CSCENEGame2.cpp(233,20): warning C4018: '<': signed と unsigned の数値を比較しようとしました。
C:\Users\hiram\OneDrive\デスクトップ\Git\Game2\2DLv1_99_Game - 平本光 - コピー\GameProgramming\CSCENEGame2.cpp(243,20): warning C4018: '<': signed と unsigned の数値を比較しようとしました。
C:\Users\hiram\OneDrive\デスクトップ\Git\Game2\2DLv1_99_Game - 平本光 - コピー\GameProgramming\CSCENEGame2.cpp(245,25): warning C4018: '<': signed と unsigned の数値を比較しようとしました。
C:\Users\hiram\OneDrive\デスクトップ\Git\Game2\2DLv1_99_Game - 平本光 - コピー\GameProgramming\CSCENEGame2.cpp(285,20): warning C4018: '<': signed と unsigned の数値を比較しようとしました。
C:\Users\hiram\OneDrive\デスクトップ\Git\Game2\2DLv1_99_Game - 平本光 - コピー\GameProgramming\CSCENEGame2.cpp(305,2): warning C4996: 'sprintf': This function or variable may be unsafe. Consider using sprintf_s instead. To disable deprecation, use _CRT_SECURE_NO_WARNINGS. See online help for details.
C:\Users\hiram\OneDrive\デスクトップ\Git\Game2\2DLv1_99_Game - 平本光 - コピー\GameProgramming\CSCENEGame2.cpp(309,2): warning C4996: 'sprintf': This function or variable may be unsafe. Consider using sprintf_s instead. To disable deprecation, use _CRT_SECURE_NO_WARNINGS. See online help for details.
C:\Users\hiram\OneDrive\デスクトップ\Git\Game2\2DLv1_99_Game - 平本光 - コピー\GameProgramming\CSCENEGame2.cpp(313,2): warning C4996: 'sprintf': This function or variable may be unsafe. Consider using sprintf_s instead. To disable deprecation, use _CRT_SECURE_NO_WARNINGS. See online help for details.
C:\Users\hiram\OneDrive\デスクトップ\Git\Game2\2DLv1_99_Game - 平本光 - コピー\GameProgramming\CSCENEGame2.cpp(317,2): warning C4996: 'sprintf': This function or variable may be unsafe. Consider using sprintf_s instead. To disable deprecation, use _CRT_SECURE_NO_WARNINGS. See online help for details.
C:\Users\hiram\OneDrive\デスクトップ\Git\Game2\2DLv1_99_Game - 平本光 - コピー\GameProgramming\CSCENEGame2.cpp(324,4): warning C4996: 'sprintf': This function or variable may be unsafe. Consider using sprintf_s instead. To disable deprecation, use _CRT_SECURE_NO_WARNINGS. See online help for details.
C:\Users\hiram\OneDrive\デスクトップ\Git\Game2\2DLv1_99_Game - 平本光 - コピー\GameProgramming\CSCENEGame2.cpp(326,4): warning C4996: 'sprintf': This function or variable may be unsafe. Consider using sprintf_s instead. To disable deprecation, use _CRT_SECURE_NO_WARNINGS. See online help for details.
C:\Users\hiram\OneDrive\デスクトップ\Git\Game2\2DLv1_99_Game - 平本光 - コピー\GameProgramming\CSCENEGame2.cpp(370,20): warning C4018: '<': signed と unsigned の数値を比較しようとしました。
  CSceneGame3.cpp
C:\Users\hiram\OneDrive\デスクトップ\Git\Game2\2DLv1_99_Game - 平本光 - コピー\GameProgramming\CSound.h(71,4): warning C4996: 'strcpy': This function or variable may be unsafe. Consider using strcpy_s instead. To disable deprecation, use _CRT_SECURE_NO_WARNINGS. See online help for details.
C:\Users\hiram\OneDrive\デスクトップ\Git\Game2\2DLv1_99_Game - 平本光 - コピー\GameProgramming\CSound.h(106,50): warning C4101: 'cnt': ローカル変数は 1 度も使われていません。
C:\Users\hiram\OneDrive\デスクトップ\Git\Game2\2DLv1_99_Game - 平本光 - コピー\GameProgramming\CSound.h(105,24): warning C4101: 'state': ローカル変数は 1 度も使われていません。
C:\Users\hiram\OneDrive\デスクトップ\Git\Game2\2DLv1_99_Game - 平本光 - コピー\GameProgramming\CSound.h(106,87): warning C4101: 'dw': ローカル変数は 1 度も使われていません。
C:\Users\hiram\OneDrive\デスクトップ\Git\Game2\2DLv1_99_Game - 平本光 - コピー\GameProgramming\CSceneGame3.cpp(176,20): warning C4018: '<': signed と unsigned の数値を比較しようとしました。
C:\Users\hiram\OneDrive\デスクトップ\Git\Game2\2DLv1_99_Game - 平本光 - コピー\GameProgramming\CSceneGame3.cpp(186,20): warning C4018: '<': signed と unsigned の数値を比較しようとしました。
C:\Users\hiram\OneDrive\デスクトップ\Git\Game2\2DLv1_99_Game - 平本光 - コピー\GameProgramming\CSceneGame3.cpp(188,25): warning C4018: '<': signed と unsigned の数値を比較しようとしました。
C:\Users\hiram\OneDrive\デスクトップ\Git\Game2\2DLv1_99_Game - 平本光 - コピー\GameProgramming\CSceneGame3.cpp(228,20): warning C4018: '<': signed と unsigned の数値を比較しようとしました。
C:\Users\hiram\OneDrive\デスクトップ\Git\Game2\2DLv1_99_Game - 平本光 - コピー\GameProgramming\CSceneGame3.cpp(247,2): warning C4996: 'sprintf': This function or variable may be unsafe. Consider using sprintf_s instead. To disable deprecation, use _CRT_SECURE_NO_WARNINGS. See online help for details.
C:\Users\hiram\OneDrive\デスクトップ\Git\Game2\2DLv1_99_Game - 平本光 - コピー\GameProgramming\CSceneGame3.cpp(251,2): warning C4996: 'sprintf': This function or variable may be unsafe. Consider using sprintf_s instead. To disable deprecation, use _CRT_SECURE_NO_WARNINGS. See online help for details.
C:\Users\hiram\OneDrive\デスクトップ\Git\Game2\2DLv1_99_Game - 平本光 - コピー\GameProgramming\CSceneGame3.cpp(255,2): warning C4996: 'sprintf': This function or variable may be unsafe. Consider using sprintf_s instead. To disable deprecation, use _CRT_SECURE_NO_WARNINGS. See online help for details.
C:\Users\hiram\OneDrive\デスクトップ\Git\Game2\2DLv1_99_Game - 平本光 - コピー\GameProgramming\CSceneGame3.cpp(259,2): warning C4996: 'sprintf': This function or variable may be unsafe. Consider using sprintf_s instead. To disable deprecation, use _CRT_SECURE_NO_WARNINGS. See online help for details.
C:\Users\hiram\OneDrive\デスクトップ\Git\Game2\2DLv1_99_Game - 平本光 - コピー\GameProgramming\CSceneGame3.cpp(314,20): warning C4018: '<': signed と unsigned の数値を比較しようとしました。
  CSound.cpp
C:\Users\hiram\OneDrive\デスクトップ\Git\Game2\2DLv1_99_Game - 平本光 - コピー\GameProgramming\CSound.h(71,4): warning C4996: 'strcpy': This function or variable may be unsafe. Consider using strcpy_s instead. To disable deprecation, use _CRT_SECURE_NO_WARNINGS. See online help for details.
C:\Users\hiram\OneDrive\デスクトップ\Git\Game2\2DLv1_99_Game - 平本光 - コピー\GameProgramming\CSound.h(106,50): warning C4101: 'cnt': ローカル変数は 1 度も使われていません。
C:\Users\hiram\OneDrive\デスクトップ\Git\Game2\2DLv1_99_Game - 平本光 - コピー\GameProgramming\CSound.h(105,24): warning C4101: 'state': ローカル変数は 1 度も使われていません。
C:\Users\hiram\OneDrive\デスクトップ\Git\Game2\2DLv1_99_Game - 平本光 - コピー\GameProgramming\CSound.h(106,87): warning C4101: 'dw': ローカル変数は 1 度も使われていません。
  CTexture.cpp
C:\Users\hiram\OneDrive\デスクトップ\Git\Game2\2DLv1_99_Game - 平本光 - コピー\GameProgramming\CTexture.cpp(48,7): warning C4996: 'fopen': This function or variable may be unsafe. Consider using fopen_s instead. To disable deprecation, use _CRT_SECURE_NO_WARNINGS. See online help for details.
C:\Users\hiram\OneDrive\デスクトップ\Git\Game2\2DLv1_99_Game - 平本光 - コピー\GameProgramming\CTexture.cpp(55,2): warning C4996: 'strcpy': This function or variable may be unsafe. Consider using strcpy_s instead. To disable deprecation, use _CRT_SECURE_NO_WARNINGS. See online help for details.
  CTreasure.cpp
C:\Users\hiram\OneDrive\デスクトップ\Git\Game2\2DLv1_99_Game - 平本光 - コピー\GameProgramming\CSound.h(71,4): warning C4996: 'strcpy': This function or variable may be unsafe. Consider using strcpy_s instead. To disable deprecation, use _CRT_SECURE_NO_WARNINGS. See online help for details.
C:\Users\hiram\OneDrive\デスクトップ\Git\Game2\2DLv1_99_Game - 平本光 - コピー\GameProgramming\CSound.h(106,50): warning C4101: 'cnt': ローカル変数は 1 度も使われていません。
C:\Users\hiram\OneDrive\デスクトップ\Git\Game2\2DLv1_99_Game - 平本光 - コピー\GameProgramming\CSound.h(105,24): warning C4101: 'state': ローカル変数は 1 度も使われていません。
C:\Users\hiram\OneDrive\デスクトップ\Git\Game2\2DLv1_99_Game - 平本光 - コピー\GameProgramming\CSound.h(106,87): warning C4101: 'dw': ローカル変数は 1 度も使われていません。
  CKey.cpp
  CPlayer.cpp
C:\Users\hiram\OneDrive\デスクトップ\Git\Game2\2DLv1_99_Game - 平本光 - コピー\GameProgramming\CSound.h(71,4): warning C4996: 'strcpy': This function or variable may be unsafe. Consider using strcpy_s instead. To disable deprecation, use _CRT_SECURE_NO_WARNINGS. See online help for details.
C:\Users\hiram\OneDrive\デスクトップ\Git\Game2\2DLv1_99_Game - 平本光 - コピー\GameProgramming\CSound.h(106,50): warning C4101: 'cnt': ローカル変数は 1 度も使われていません。
C:\Users\hiram\OneDrive\デスクトップ\Git\Game2\2DLv1_99_Game - 平本光 - コピー\GameProgramming\CSound.h(105,24): warning C4101: 'state': ローカル変数は 1 度も使われていません。
C:\Users\hiram\OneDrive\デスクトップ\Git\Game2\2DLv1_99_Game - 平本光 - コピー\GameProgramming\CSound.h(106,87): warning C4101: 'dw': ローカル変数は 1 度も使われていません。
C:\Users\hiram\OneDrive\デスクトップ\Git\Game2\2DLv1_99_Game - 平本光 - コピー\GameProgramming\CPlayer.cpp(295,17): warning C4553: '==': 式の結果が使用されていません。'=' を意図していますか?
  CRectangle.cpp
  CSceneGame.cpp
C:\Users\hiram\OneDrive\デスクトップ\Git\Game2\2DLv1_99_Game - 平本光 - コピー\GameProgramming\CSound.h(71,4): warning C4996: 'strcpy': This function or variable may be unsafe. Consider using strcpy_s instead. To disable deprecation, use _CRT_SECURE_NO_WARNINGS. See online help for details.
C:\Users\hiram\OneDrive\デスクトップ\Git\Game2\2DLv1_99_Game - 平本光 - コピー\GameProgramming\CSound.h(106,50): warning C4101: 'cnt': ローカル変数は 1 度も使われていません。
C:\Users\hiram\OneDrive\デスクトップ\Git\Game2\2DLv1_99_Game - 平本光 - コピー\GameProgramming\CSound.h(105,24): warning C4101: 'state': ローカル変数は 1 度も使われていません。
C:\Users\hiram\OneDrive\デスクトップ\Git\Game2\2DLv1_99_Game - 平本光 - コピー\GameProgramming\CSound.h(106,87): warning C4101: 'dw': ローカル変数は 1 度も使われていません。
C:\Users\hiram\OneDrive\デスクトップ\Git\Game2\2DLv1_99_Game - 平本光 - コピー\GameProgramming\CSceneGame.cpp(223,20): warning C4018: '<': signed と unsigned の数値を比較しようとしました。
C:\Users\hiram\OneDrive\デスクトップ\Git\Game2\2DLv1_99_Game - 平本光 - コピー\GameProgramming\CSceneGame.cpp(233,20): warning C4018: '<': signed と unsigned の数値を比較しようとしました。
C:\Users\hiram\OneDrive\デスクトップ\Git\Game2\2DLv1_99_Game - 平本光 - コピー\GameProgramming\CSceneGame.cpp(235,25): warning C4018: '<': signed と unsigned の数値を比較しようとしました。
C:\Users\hiram\OneDrive\デスクトップ\Git\Game2\2DLv1_99_Game - 平本光 - コピー\GameProgramming\CSceneGame.cpp(276,21): warning C4018: '<': signed と unsigned の数値を比較しようとしました。
C:\Users\hiram\OneDrive\デスクトップ\Git\Game2\2DLv1_99_Game - 平本光 - コピー\GameProgramming\CSceneGame.cpp(295,3): warning C4996: 'sprintf': This function or variable may be unsafe. Consider using sprintf_s instead. To disable deprecation, use _CRT_SECURE_NO_WARNINGS. See online help for details.
C:\Users\hiram\OneDrive\デスクトップ\Git\Game2\2DLv1_99_Game - 平本光 - コピー\GameProgramming\CSceneGame.cpp(299,3): warning C4996: 'sprintf': This function or variable may be unsafe. Consider using sprintf_s instead. To disable deprecation, use _CRT_SECURE_NO_WARNINGS. See online help for details.
C:\Users\hiram\OneDrive\デスクトップ\Git\Game2\2DLv1_99_Game - 平本光 - コピー\GameProgramming\CSceneGame.cpp(303,3): warning C4996: 'sprintf': This function or variable may be unsafe. Consider using sprintf_s instead. To disable deprecation, use _CRT_SECURE_NO_WARNINGS. See online help for details.
C:\Users\hiram\OneDrive\デスクトップ\Git\Game2\2DLv1_99_Game - 平本光 - コピー\GameProgramming\CSceneGame.cpp(310,13): warning C4996: 'sprintf': This function or variable may be unsafe. Consider using sprintf_s instead. To disable deprecation, use _CRT_SECURE_NO_WARNINGS. See online help for details.
C:\Users\hiram\OneDrive\デスクトップ\Git\Game2\2DLv1_99_Game - 平本光 - コピー\GameProgramming\CSceneGame.cpp(312,4): warning C4996: 'sprintf': This function or variable may be unsafe. Consider using sprintf_s instead. To disable deprecation, use _CRT_SECURE_NO_WARNINGS. See online help for details.
C:\Users\hiram\OneDrive\デスクトップ\Git\Game2\2DLv1_99_Game - 平本光 - コピー\GameProgramming\CSceneGame.cpp(355,20): warning C4018: '<': signed と unsigned の数値を比較しようとしました。
  CSceneManager.cpp
C:\Users\hiram\OneDrive\デスクトップ\Git\Game2\2DLv1_99_Game - 平本光 - コピー\GameProgramming\CSound.h(71,4): warning C4996: 'strcpy': This function or variable may be unsafe. Consider using strcpy_s instead. To disable deprecation, use _CRT_SECURE_NO_WARNINGS. See online help for details.
C:\Users\hiram\OneDrive\デスクトップ\Git\Game2\2DLv1_99_Game - 平本光 - コピー\GameProgramming\CSound.h(106,50): warning C4101: 'cnt': ローカル変数は 1 度も使われていません。
C:\Users\hiram\OneDrive\デスクトップ\Git\Game2\2DLv1_99_Game - 平本光 - コピー\GameProgramming\CSound.h(105,24): warning C4101: 'state': ローカル変数は 1 度も使われていません。
C:\Users\hiram\OneDrive\デスクトップ\Git\Game2\2DLv1_99_Game - 平本光 - コピー\GameProgramming\CSound.h(106,87): warning C4101: 'dw': ローカル変数は 1 度も使われていません。
  CSceneTitle.cpp
C:\Users\hiram\OneDrive\デスクトップ\Git\Game2\2DLv1_99_Game - 平本光 - コピー\GameProgramming\CSound.h(71,4): warning C4996: 'strcpy': This function or variable may be unsafe. Consider using strcpy_s instead. To disable deprecation, use _CRT_SECURE_NO_WARNINGS. See online help for details.
C:\Users\hiram\OneDrive\デスクトップ\Git\Game2\2DLv1_99_Game - 平本光 - コピー\GameProgramming\CSound.h(106,50): warning C4101: 'cnt': ローカル変数は 1 度も使われていません。
C:\Users\hiram\OneDrive\デスクトップ\Git\Game2\2DLv1_99_Game - 平本光 - コピー\GameProgramming\CSound.h(105,24): warning C4101: 'state': ローカル変数は 1 度も使われていません。
C:\Users\hiram\OneDrive\デスクトップ\Git\Game2\2DLv1_99_Game - 平本光 - コピー\GameProgramming\CSound.h(106,87): warning C4101: 'dw': ローカル変数は 1 度も使われていません。
  CText.cpp
C:\Users\hiram\OneDrive\デスクトップ\Git\Game2\2DLv1_99_Game - 平本光 - コピー\GameProgramming\CSound.h(71,4): warning C4996: 'strcpy': This function or variable may be unsafe. Consider using strcpy_s instead. To disable deprecation, use _CRT_SECURE_NO_WARNINGS. See online help for details.
C:\Users\hiram\OneDrive\デスクトップ\Git\Game2\2DLv1_99_Game - 平本光 - コピー\GameProgramming\CSound.h(106,50): warning C4101: 'cnt': ローカル変数は 1 度も使われていません。
C:\Users\hiram\OneDrive\デスクトップ\Git\Game2\2DLv1_99_Game - 平本光 - コピー\GameProgramming\CSound.h(105,24): warning C4101: 'state': ローカル変数は 1 度も使われていません。
C:\Users\hiram\OneDrive\デスクトップ\Git\Game2\2DLv1_99_Game - 平本光 - コピー\GameProgramming\CSound.h(106,87): warning C4101: 'dw': ローカル変数は 1 度も使われていません。
  CTrophy.cpp
C:\Users\hiram\OneDrive\デスクトップ\Git\Game2\2DLv1_99_Game - 平本光 - コピー\GameProgramming\CSound.h(71,4): warning C4996: 'strcpy': This function or variable may be unsafe. Consider using strcpy_s instead. To disable deprecation, use _CRT_SECURE_NO_WARNINGS. See online help for details.
C:\Users\hiram\OneDrive\デスクトップ\Git\Game2\2DLv1_99_Game - 平本光 - コピー\GameProgramming\CSound.h(106,50): warning C4101: 'cnt': ローカル変数は 1 度も使われていません。
C:\Users\hiram\OneDrive\デスクトップ\Git\Game2\2DLv1_99_Game - 平本光 - コピー\GameProgramming\CSound.h(105,24): warning C4101: 'state': ローカル変数は 1 度も使われていません。
C:\Users\hiram\OneDrive\デスクトップ\Git\Game2\2DLv1_99_Game - 平本光 - コピー\GameProgramming\CSound.h(106,87): warning C4101: 'dw': ローカル変数は 1 度も使われていません。
  Update.cpp
C:\Users\hiram\OneDrive\デスクトップ\Git\Game2\2DLv1_99_Game - 平本光 - コピー\GameProgramming\CSound.h(71,4): warning C4996: 'strcpy': This function or variable may be unsafe. Consider using strcpy_s instead. To disable deprecation, use _CRT_SECURE_NO_WARNINGS. See online help for details.
C:\Users\hiram\OneDrive\デスクトップ\Git\Game2\2DLv1_99_Game - 平本光 - コピー\GameProgramming\CSound.h(106,50): warning C4101: 'cnt': ローカル変数は 1 度も使われていません。
C:\Users\hiram\OneDrive\デスクトップ\Git\Game2\2DLv1_99_Game - 平本光 - コピー\GameProgramming\CSound.h(105,24): warning C4101: 'state': ローカル変数は 1 度も使われていません。
C:\Users\hiram\OneDrive\デスクトップ\Git\Game2\2DLv1_99_Game - 平本光 - コピー\GameProgramming\CSound.h(106,87): warning C4101: 'dw': ローカル変数は 1 度も使われていません。
  main.cpp
  コードを生成中...
LINK : warning LNK4098: defaultlib 'MSVCRT' は他のライブラリの使用と競合しています。/NODEFAULTLIB:library を使用してください。
  GameProgramming.vcxproj -> C:\Users\hiram\OneDrive\デスクトップ\Git\Game2\2DLv1_99_Game - 平本光 - コピー\Debug\GameProgramming.exe
