c:\users\hiram\onedrive\デスクトップ\ゲーム制作\2dlv1_99_game - コピー\gameprogramming\release\vc142.pdb
c:\users\hiram\onedrive\デスクトップ\ゲーム制作\2dlv1_99_game - コピー\gameprogramming\release\cplayer.obj
c:\users\hiram\onedrive\デスクトップ\ゲーム制作\2dlv1_99_game - コピー\gameprogramming\release\ckey.obj
c:\users\hiram\onedrive\デスクトップ\ゲーム制作\2dlv1_99_game - コピー\gameprogramming\release\ctreasure.obj
c:\users\hiram\onedrive\デスクトップ\ゲーム制作\2dlv1_99_game - コピー\gameprogramming\release\ctexture.obj
c:\users\hiram\onedrive\デスクトップ\ゲーム制作\2dlv1_99_game - コピー\gameprogramming\release\cscenegame2.obj
c:\users\hiram\onedrive\デスクトップ\ゲーム制作\2dlv1_99_game - コピー\gameprogramming\release\csceneclear.obj
c:\users\hiram\onedrive\デスクトップ\ゲーム制作\2dlv1_99_game - コピー\gameprogramming\release\citem.obj
c:\users\hiram\onedrive\デスクトップ\ゲーム制作\2dlv1_99_game - コピー\gameprogramming\release\cenemybullet2.obj
c:\users\hiram\onedrive\デスクトップ\ゲーム制作\2dlv1_99_game - コピー\gameprogramming\release\cenemybullet.obj
c:\users\hiram\onedrive\デスクトップ\ゲーム制作\2dlv1_99_game - コピー\gameprogramming\release\cenemy3.obj
c:\users\hiram\onedrive\デスクトップ\ゲーム制作\2dlv1_99_game - コピー\gameprogramming\release\cenemy2.obj
c:\users\hiram\onedrive\デスクトップ\ゲーム制作\2dlv1_99_game - コピー\gameprogramming\release\cenemy.obj
c:\users\hiram\onedrive\デスクトップ\ゲーム制作\2dlv1_99_game - コピー\gameprogramming\release\cdoor2.obj
c:\users\hiram\onedrive\デスクトップ\ゲーム制作\2dlv1_99_game - コピー\gameprogramming\release\cdoor.obj
c:\users\hiram\onedrive\デスクトップ\ゲーム制作\2dlv1_99_game - コピー\gameprogramming\release\cdisappear2.obj
c:\users\hiram\onedrive\デスクトップ\ゲーム制作\2dlv1_99_game - コピー\gameprogramming\release\cdisappear.obj
c:\users\hiram\onedrive\デスクトップ\ゲーム制作\2dlv1_99_game - コピー\gameprogramming\release\cdeathblock.obj
c:\users\hiram\onedrive\デスクトップ\ゲーム制作\2dlv1_99_game - コピー\gameprogramming\release\cbullet.obj
c:\users\hiram\onedrive\デスクトップ\ゲーム制作\2dlv1_99_game - コピー\gameprogramming\release\cboss2.obj
c:\users\hiram\onedrive\デスクトップ\ゲーム制作\2dlv1_99_game - コピー\gameprogramming\release\cboss.obj
c:\users\hiram\onedrive\デスクトップ\ゲーム制作\2dlv1_99_game - コピー\gameprogramming\release\main.obj
c:\users\hiram\onedrive\デスクトップ\ゲーム制作\2dlv1_99_game - コピー\gameprogramming\release\update.obj
c:\users\hiram\onedrive\デスクトップ\ゲーム制作\2dlv1_99_game - コピー\gameprogramming\release\ctext.obj
c:\users\hiram\onedrive\デスクトップ\ゲーム制作\2dlv1_99_game - コピー\gameprogramming\release\cscenetitle.obj
c:\users\hiram\onedrive\デスクトップ\ゲーム制作\2dlv1_99_game - コピー\gameprogramming\release\cscenemanager.obj
c:\users\hiram\onedrive\デスクトップ\ゲーム制作\2dlv1_99_game - コピー\gameprogramming\release\cscenegame.obj
c:\users\hiram\onedrive\デスクトップ\ゲーム制作\2dlv1_99_game - コピー\gameprogramming\release\crectangle.obj
c:\users\hiram\onedrive\デスクトップ\ゲーム制作\2dlv1_99_game - コピー\gameprogramming\release\ccoin.obj
c:\users\hiram\onedrive\デスクトップ\ゲーム制作\2dlv1_99_game - コピー -\gameprogramming\release\vc142.pdb
c:\users\hiram\onedrive\デスクトップ\ゲーム制作\2dlv1_99_game - コピー -\gameprogramming\release\ctexture.obj
c:\users\hiram\onedrive\デスクトップ\ゲーム制作\2dlv1_99_game - コピー -\gameprogramming\release\cdisappear.obj
c:\users\hiram\onedrive\デスクトップ\ゲーム制作\2dlv1_99_game - コピー -\gameprogramming\release\cboss2.obj
c:\users\hiram\onedrive\デスクトップ\ゲーム制作\2dlv1_99_game - コピー -\gameprogramming\release\main.obj
c:\users\hiram\onedrive\デスクトップ\ゲーム制作\2dlv1_99_game - コピー -\gameprogramming\release\crectangle.obj
c:\users\hiram\onedrive\デスクトップ\ゲーム制作\2dlv1_99_game - コピー -\gameprogramming\release\ctreasure.obj
c:\users\hiram\onedrive\デスクトップ\ゲーム制作\2dlv1_99_game - コピー -\gameprogramming\release\csound.obj
c:\users\hiram\onedrive\デスクトップ\ゲーム制作\2dlv1_99_game - コピー -\gameprogramming\release\cscenegame2.obj
c:\users\hiram\onedrive\デスクトップ\ゲーム制作\2dlv1_99_game - コピー -\gameprogramming\release\csceneclear.obj
c:\users\hiram\onedrive\デスクトップ\ゲーム制作\2dlv1_99_game - コピー -\gameprogramming\release\citem.obj
c:\users\hiram\onedrive\デスクトップ\ゲーム制作\2dlv1_99_game - コピー -\gameprogramming\release\cenemybullet2.obj
c:\users\hiram\onedrive\デスクトップ\ゲーム制作\2dlv1_99_game - コピー -\gameprogramming\release\cenemybullet.obj
c:\users\hiram\onedrive\デスクトップ\ゲーム制作\2dlv1_99_game - コピー -\gameprogramming\release\cenemy3.obj
c:\users\hiram\onedrive\デスクトップ\ゲーム制作\2dlv1_99_game - コピー -\gameprogramming\release\cenemy2.obj
c:\users\hiram\onedrive\デスクトップ\ゲーム制作\2dlv1_99_game - コピー -\gameprogramming\release\cenemy.obj
c:\users\hiram\onedrive\デスクトップ\ゲーム制作\2dlv1_99_game - コピー -\gameprogramming\release\cdoor2.obj
c:\users\hiram\onedrive\デスクトップ\ゲーム制作\2dlv1_99_game - コピー -\gameprogramming\release\cdoor.obj
c:\users\hiram\onedrive\デスクトップ\ゲーム制作\2dlv1_99_game - コピー -\gameprogramming\release\cdisappear2.obj
c:\users\hiram\onedrive\デスクトップ\ゲーム制作\2dlv1_99_game - コピー -\gameprogramming\release\cdeathblock.obj
c:\users\hiram\onedrive\デスクトップ\ゲーム制作\2dlv1_99_game - コピー -\gameprogramming\release\ccoin.obj
c:\users\hiram\onedrive\デスクトップ\ゲーム制作\2dlv1_99_game - コピー -\gameprogramming\release\cbullet.obj
c:\users\hiram\onedrive\デスクトップ\ゲーム制作\2dlv1_99_game - コピー -\gameprogramming\release\cboss.obj
c:\users\hiram\onedrive\デスクトップ\ゲーム制作\2dlv1_99_game - コピー -\gameprogramming\release\update.obj
c:\users\hiram\onedrive\デスクトップ\ゲーム制作\2dlv1_99_game - コピー -\gameprogramming\release\ctext.obj
c:\users\hiram\onedrive\デスクトップ\ゲーム制作\2dlv1_99_game - コピー -\gameprogramming\release\cscenetitle.obj
c:\users\hiram\onedrive\デスクトップ\ゲーム制作\2dlv1_99_game - コピー -\gameprogramming\release\cscenemanager.obj
c:\users\hiram\onedrive\デスクトップ\ゲーム制作\2dlv1_99_game - コピー -\gameprogramming\release\cscenegame.obj
c:\users\hiram\onedrive\デスクトップ\ゲーム制作\2dlv1_99_game - コピー -\gameprogramming\release\cplayer.obj
c:\users\hiram\onedrive\デスクトップ\ゲーム制作\2dlv1_99_game - コピー -\gameprogramming\release\ckey.obj
c:\users\hiram\onedrive\デスクトップ\ゲーム制作\2dlv1_99_game - コピー -\gameprogramming\release\cscenegame3.obj
c:\users\hiram\onedrive\デスクトップ\ゲーム制作\2dlv1_99_game - コピー -\gameprogramming\release\cenemy4.obj
c:\users\hiram\onedrive\デスクトップ\ゲーム制作\2dlv1_99_game - コピー\release\gameprogramming.ipdb
c:\users\hiram\onedrive\デスクトップ\ゲーム制作\2dlv1_99_game - コピー\release\gameprogramming.iobj
c:\users\hiram\onedrive\デスクトップ\ゲーム制作\2dlv1_99_game - コピー -\release\gameprogramming.ipdb
c:\users\hiram\onedrive\デスクトップ\ゲーム制作\2dlv1_99_game - コピー -\release\gameprogramming.iobj
c:\users\hiram\onedrive\デスクトップ\ゲーム制作\2dlv1_99_game - コピー\release\gameprogramming.exe
c:\users\hiram\onedrive\デスクトップ\ゲーム制作\2dlv1_99_game - コピー\release\gameprogramming.pdb
c:\users\hiram\onedrive\デスクトップ\ゲーム制作\2dlv1_99_game - コピー -\release\gameprogramming.exe
c:\users\hiram\onedrive\デスクトップ\ゲーム制作\2dlv1_99_game - コピー -\release\gameprogramming.pdb
c:\users\hiram\onedrive\デスクトップ\ゲーム制作\2dlv1_99_game - コピー -\gameprogramming\release\vc120.pdb
c:\users\hiram\onedrive\デスクトップ\ゲーム制作\2dlv1_99_game - コピー -\gameprogramming\release\gameprogramming.tlog\cl.command.1.tlog
c:\users\hiram\onedrive\デスクトップ\ゲーム制作\2dlv1_99_game - コピー -\gameprogramming\release\gameprogramming.tlog\cl.read.1.tlog
c:\users\hiram\onedrive\デスクトップ\ゲーム制作\2dlv1_99_game - コピー -\gameprogramming\release\gameprogramming.tlog\cl.write.1.tlog
c:\users\hiram\onedrive\デスクトップ\ゲーム制作\2dlv1_99_game - コピー -\gameprogramming\release\gameprogramming.tlog\gameprogramming.write.1u.tlog
c:\users\hiram\onedrive\デスクトップ\ゲーム制作\2dlv1_99_game - コピー -\gameprogramming\release\gameprogramming.tlog\link.command.1.tlog
c:\users\hiram\onedrive\デスクトップ\ゲーム制作\2dlv1_99_game - コピー -\gameprogramming\release\gameprogramming.tlog\link.read.1.tlog
c:\users\hiram\onedrive\デスクトップ\ゲーム制作\2dlv1_99_game - コピー -\gameprogramming\release\gameprogramming.tlog\link.write.1.tlog
