c:\users\hiram\onedrive\デスクトップ\ゲーム制作２\制作 平本\gameprogramming\debug\vc142.pdb
c:\users\hiram\onedrive\デスクトップ\ゲーム制作２\制作 平本\gameprogramming\debug\vc142.idb
c:\users\hiram\onedrive\デスクトップ\ゲーム制作２\制作 平本\gameprogramming\debug\cscenemanager.obj
c:\users\hiram\onedrive\デスクトップ\ゲーム制作２\制作 平本\gameprogramming\debug\cscenegame.obj
c:\users\hiram\onedrive\デスクトップ\ゲーム制作２\制作 平本\gameprogramming\debug\cplayer.obj
c:\users\hiram\onedrive\デスクトップ\ゲーム制作２\制作 平本\gameprogramming\debug\cmodel.obj
c:\users\hiram\onedrive\デスクトップ\ゲーム制作２\制作 平本\gameprogramming\debug\cmatrix.obj
c:\users\hiram\onedrive\デスクトップ\ゲーム制作２\制作 平本\gameprogramming\debug\cmaterial.obj
c:\users\hiram\onedrive\デスクトップ\ゲーム制作２\制作 平本\gameprogramming\debug\ckey.obj
c:\users\hiram\onedrive\デスクトップ\ゲーム制作２\制作 平本\gameprogramming\debug\cenemy2.obj
c:\users\hiram\onedrive\デスクトップ\ゲーム制作２\制作 平本\gameprogramming\debug\cenemy.obj
c:\users\hiram\onedrive\デスクトップ\ゲーム制作２\制作 平本\gameprogramming\debug\ceffect.obj
c:\users\hiram\onedrive\デスクトップ\ゲーム制作２\制作 平本\gameprogramming\debug\ccollisionmanager.obj
c:\users\hiram\onedrive\デスクトップ\ゲーム制作２\制作 平本\gameprogramming\debug\ccollidertriangle.obj
c:\users\hiram\onedrive\デスクトップ\ゲーム制作２\制作 平本\gameprogramming\debug\ccollidermesh.obj
c:\users\hiram\onedrive\デスクトップ\ゲーム制作２\制作 平本\gameprogramming\debug\ccolliderline.obj
c:\users\hiram\onedrive\デスクトップ\ゲーム制作２\制作 平本\gameprogramming\debug\ccollider.obj
c:\users\hiram\onedrive\デスクトップ\ゲーム制作２\制作 平本\gameprogramming\debug\ccharacter.obj
c:\users\hiram\onedrive\デスクトップ\ゲーム制作２\制作 平本\gameprogramming\debug\ccamera.obj
c:\users\hiram\onedrive\デスクトップ\ゲーム制作２\制作 平本\gameprogramming\debug\cbullet.obj
c:\users\hiram\onedrive\デスクトップ\ゲーム制作２\制作 平本\gameprogramming\debug\cbillboard.obj
c:\users\hiram\onedrive\デスクトップ\ゲーム制作２\制作 平本\gameprogramming\debug\main.obj
c:\users\hiram\onedrive\デスクトップ\ゲーム制作２\制作 平本\gameprogramming\debug\update.obj
c:\users\hiram\onedrive\デスクトップ\ゲーム制作２\制作 平本\gameprogramming\debug\cvector.obj
c:\users\hiram\onedrive\デスクトップ\ゲーム制作２\制作 平本\gameprogramming\debug\cutil.obj
c:\users\hiram\onedrive\デスクトップ\ゲーム制作２\制作 平本\gameprogramming\debug\ctriangle.obj
c:\users\hiram\onedrive\デスクトップ\ゲーム制作２\制作 平本\gameprogramming\debug\ctransform.obj
c:\users\hiram\onedrive\デスクトップ\ゲーム制作２\制作 平本\gameprogramming\debug\ctexture.obj
c:\users\hiram\onedrive\デスクトップ\ゲーム制作２\制作 平本\gameprogramming\debug\ctext.obj
c:\users\hiram\onedrive\デスクトップ\ゲーム制作２\制作 平本\gameprogramming\debug\ctaskmanager.obj
c:\users\hiram\onedrive\デスクトップ\ゲーム制作２\制作 平本\gameprogramming\debug\csound.obj
c:\users\hiram\onedrive\デスクトップ\ゲーム制作２\制作 平本\debug\gameprogramming.exe
c:\users\hiram\onedrive\デスクトップ\ゲーム制作２\制作 平本\debug\gameprogramming.ilk
c:\users\hiram\onedrive\デスクトップ\ゲーム制作２\制作 平本\debug\gameprogramming.pdb
c:\users\hiram\onedrive\デスクトップ\ゲーム制作２\制作 平本\gameprogramming\debug\gameprogramming.tlog\cl.command.1.tlog
c:\users\hiram\onedrive\デスクトップ\ゲーム制作２\制作 平本\gameprogramming\debug\gameprogramming.tlog\cl.read.1.tlog
c:\users\hiram\onedrive\デスクトップ\ゲーム制作２\制作 平本\gameprogramming\debug\gameprogramming.tlog\cl.write.1.tlog
c:\users\hiram\onedrive\デスクトップ\ゲーム制作２\制作 平本\gameprogramming\debug\gameprogramming.tlog\link.command.1.tlog
c:\users\hiram\onedrive\デスクトップ\ゲーム制作２\制作 平本\gameprogramming\debug\gameprogramming.tlog\link.read.1.tlog
c:\users\hiram\onedrive\デスクトップ\ゲーム制作２\制作 平本\gameprogramming\debug\gameprogramming.tlog\link.write.1.tlog
